<?xml version="1.0" encoding="UTF-8"?>
<!-- Generated by org.testng.reporters.JUnitReportReporter -->
<testsuite hostname="Slashers" failures="0" tests="1" name="WebPageTest.HomePageTest" time="8.217" errors="0" timestamp="2023-01-09T09:42:26 IST" skipped="0">
  <testcase classname="WebPageTest.HomePageTest" name="testSortTable" time="8.217"/>
  <system-out/>
</testsuite> <!-- WebPageTest.HomePageTest -->
