<?xml version="1.0" encoding="UTF-8"?>
<!-- Generated by org.testng.reporters.JUnitReportReporter -->
<testsuite hostname="Slashers" failures="0" tests="3" name="WebPageTest.LoginPageTest" time="16.782" errors="0" timestamp="2023-01-09T09:42:26 IST" skipped="0">
  <testcase classname="WebPageTest.LoginPageTest" name="testSuccessfulLogin" time="6.976"/>
  <system-out/>
  <testcase classname="WebPageTest.LoginPageTest" name="testBlankPassword" time="4.879"/>
  <system-out/>
  <testcase classname="WebPageTest.LoginPageTest" name="testBlankUsername" time="4.927"/>
  <system-out/>
</testsuite> <!-- WebPageTest.LoginPageTest -->
